[0.630s] Invoking command in '/home/ros2_ws/meu_pacote_py': PYTHONPATH=/home/ros2_ws/build/meu_pacote_py/prefix_override:/usr/lib/python3/dist-packages/colcon_core/task/python/colcon_distutils_commands:/home/ros2_ws/install/meu_pacote_py/lib/python3.10/site-packages:${PYTHONPATH} /usr/bin/python3 -W ignore:setup.py install is deprecated setup.py egg_info --egg-base ../build/meu_pacote_py build --build-base /home/ros2_ws/build/meu_pacote_py/build install --record /home/ros2_ws/build/meu_pacote_py/install.log --single-version-externally-managed install_data
[0.845s] running egg_info
[0.846s] writing ../build/meu_pacote_py/meu_pacote_py.egg-info/PKG-INFO
[0.846s] writing dependency_links to ../build/meu_pacote_py/meu_pacote_py.egg-info/dependency_links.txt
[0.846s] writing entry points to ../build/meu_pacote_py/meu_pacote_py.egg-info/entry_points.txt
[0.847s] writing requirements to ../build/meu_pacote_py/meu_pacote_py.egg-info/requires.txt
[0.847s] writing top-level names to ../build/meu_pacote_py/meu_pacote_py.egg-info/top_level.txt
[0.849s] reading manifest file '../build/meu_pacote_py/meu_pacote_py.egg-info/SOURCES.txt'
[0.849s] writing manifest file '../build/meu_pacote_py/meu_pacote_py.egg-info/SOURCES.txt'
[0.849s] running build
[0.850s] running build_py
[0.850s] running install
[0.850s] running install_lib
[0.851s] running install_data
[0.852s] running install_egg_info
[0.853s] removing '/home/ros2_ws/install/meu_pacote_py/lib/python3.10/site-packages/meu_pacote_py-0.0.0-py3.10.egg-info' (and everything under it)
[0.854s] Copying ../build/meu_pacote_py/meu_pacote_py.egg-info to /home/ros2_ws/install/meu_pacote_py/lib/python3.10/site-packages/meu_pacote_py-0.0.0-py3.10.egg-info
[0.854s] running install_scripts
[0.874s] Installing publisher_py script to /home/ros2_ws/install/meu_pacote_py/lib/meu_pacote_py
[0.874s] Installing subscriber_py script to /home/ros2_ws/install/meu_pacote_py/lib/meu_pacote_py
[0.874s] writing list of installed files to '/home/ros2_ws/build/meu_pacote_py/install.log'
[0.900s] Invoked command in '/home/ros2_ws/meu_pacote_py' returned '0': PYTHONPATH=/home/ros2_ws/build/meu_pacote_py/prefix_override:/usr/lib/python3/dist-packages/colcon_core/task/python/colcon_distutils_commands:/home/ros2_ws/install/meu_pacote_py/lib/python3.10/site-packages:${PYTHONPATH} /usr/bin/python3 -W ignore:setup.py install is deprecated setup.py egg_info --egg-base ../build/meu_pacote_py build --build-base /home/ros2_ws/build/meu_pacote_py/build install --record /home/ros2_ws/build/meu_pacote_py/install.log --single-version-externally-managed install_data
