[0.218s] Invoking command in '/home/ros2_ws/build/robot_description': CMAKE_PREFIX_PATH=${CMAKE_PREFIX_PATH}:/home/ros2_ws/install/meu_pacote_py:/opt/ros/humble /usr/bin/cmake --build /home/ros2_ws/build/robot_description -- -j8 -l8
[0.261s] Invoked command in '/home/ros2_ws/build/robot_description' returned '0': CMAKE_PREFIX_PATH=${CMAKE_PREFIX_PATH}:/home/ros2_ws/install/meu_pacote_py:/opt/ros/humble /usr/bin/cmake --build /home/ros2_ws/build/robot_description -- -j8 -l8
[0.291s] Invoking command in '/home/ros2_ws/build/robot_description': CMAKE_PREFIX_PATH=${CMAKE_PREFIX_PATH}:/home/ros2_ws/install/meu_pacote_py:/opt/ros/humble /usr/bin/cmake --install /home/ros2_ws/build/robot_description
[0.298s] -- Install configuration: ""
[0.298s] -- Up-to-date: /home/ros2_ws/install/robot_description/share/robot_description/launch
[0.298s] -- Installing: /home/ros2_ws/install/robot_description/share/robot_description/launch/display.launch.py
[0.298s] -- Up-to-date: /home/ros2_ws/install/robot_description/share/robot_description/urdf
[0.298s] -- Up-to-date: /home/ros2_ws/install/robot_description/share/robot_description/urdf/puma560_description.urdf.xacro
[0.298s] -- Up-to-date: /home/ros2_ws/install/robot_description/share/robot_description/config
[0.299s] -- Up-to-date: /home/ros2_ws/install/robot_description/share/robot_description/meshes
[0.299s] -- Up-to-date: /home/ros2_ws/install/robot_description/share/robot_description/meshes/link_1.STL
[0.299s] -- Up-to-date: /home/ros2_ws/install/robot_description/share/robot_description/meshes/link_3.STL
[0.299s] -- Up-to-date: /home/ros2_ws/install/robot_description/share/robot_description/meshes/link_5.STL
[0.299s] -- Up-to-date: /home/ros2_ws/install/robot_description/share/robot_description/meshes/link_4.STL
[0.299s] -- Up-to-date: /home/ros2_ws/install/robot_description/share/robot_description/meshes/base_link.STL
[0.299s] -- Up-to-date: /home/ros2_ws/install/robot_description/share/robot_description/meshes/link_2.STL
[0.299s] -- Up-to-date: /home/ros2_ws/install/robot_description/share/robot_description/rviz2
[0.299s] -- Up-to-date: /home/ros2_ws/install/robot_description/share/ament_index/resource_index/package_run_dependencies/robot_description
[0.299s] -- Up-to-date: /home/ros2_ws/install/robot_description/share/ament_index/resource_index/parent_prefix_path/robot_description
[0.299s] -- Up-to-date: /home/ros2_ws/install/robot_description/share/robot_description/environment/ament_prefix_path.sh
[0.299s] -- Up-to-date: /home/ros2_ws/install/robot_description/share/robot_description/environment/ament_prefix_path.dsv
[0.299s] -- Up-to-date: /home/ros2_ws/install/robot_description/share/robot_description/environment/path.sh
[0.299s] -- Up-to-date: /home/ros2_ws/install/robot_description/share/robot_description/environment/path.dsv
[0.299s] -- Up-to-date: /home/ros2_ws/install/robot_description/share/robot_description/local_setup.bash
[0.300s] -- Up-to-date: /home/ros2_ws/install/robot_description/share/robot_description/local_setup.sh
[0.300s] -- Up-to-date: /home/ros2_ws/install/robot_description/share/robot_description/local_setup.zsh
[0.300s] -- Up-to-date: /home/ros2_ws/install/robot_description/share/robot_description/local_setup.dsv
[0.300s] -- Installing: /home/ros2_ws/install/robot_description/share/robot_description/package.dsv
[0.300s] -- Up-to-date: /home/ros2_ws/install/robot_description/share/ament_index/resource_index/packages/robot_description
[0.300s] -- Up-to-date: /home/ros2_ws/install/robot_description/share/robot_description/cmake/robot_descriptionConfig.cmake
[0.300s] -- Up-to-date: /home/ros2_ws/install/robot_description/share/robot_description/cmake/robot_descriptionConfig-version.cmake
[0.300s] -- Up-to-date: /home/ros2_ws/install/robot_description/share/robot_description/package.xml
[0.301s] Invoked command in '/home/ros2_ws/build/robot_description' returned '0': CMAKE_PREFIX_PATH=${CMAKE_PREFIX_PATH}:/home/ros2_ws/install/meu_pacote_py:/opt/ros/humble /usr/bin/cmake --install /home/ros2_ws/build/robot_description
