[0.213s] Invoking command in '/home/ros2_ws/build/robot_description': CMAKE_PREFIX_PATH=/home/ros2_ws/install/meu_pacote_py:/opt/ros/humble /usr/bin/cmake /home/ros2_ws/src/robot_description -DCMAKE_INSTALL_PREFIX=/home/ros2_ws/install/robot_description
[0.371s] -- The C compiler identification is GNU 11.4.0
[0.465s] -- The CXX compiler identification is GNU 11.4.0
[0.474s] -- Detecting C compiler ABI info
[0.545s] -- Detecting C compiler ABI info - done
[0.554s] -- Check for working C compiler: /usr/bin/cc - skipped
[0.555s] -- Detecting C compile features
[0.555s] -- Detecting C compile features - done
[0.559s] -- Detecting CXX compiler ABI info
[0.634s] -- Detecting CXX compiler ABI info - done
[0.641s] -- Check for working CXX compiler: /usr/bin/c++ - skipped
[0.641s] -- Detecting CXX compile features
[0.642s] -- Detecting CXX compile features - done
[0.653s] -- Found ament_cmake: 1.3.10 (/opt/ros/humble/share/ament_cmake/cmake)
[0.803s] -- Found Python3: /usr/bin/python3 (found version "3.10.12") found components: Interpreter 
[0.920s] -- Found ament_lint_auto: 0.12.11 (/opt/ros/humble/share/ament_lint_auto/cmake)
[1.004s] -- Added test 'lint_cmake' to check CMake code style
[1.006s] -- Added test 'xmllint' to check XML markup files
[1.008s] -- Configuring done
[1.010s] -- Generating done
[1.011s] -- Build files have been written to: /home/ros2_ws/build/robot_description
[1.015s] Invoked command in '/home/ros2_ws/build/robot_description' returned '0': CMAKE_PREFIX_PATH=/home/ros2_ws/install/meu_pacote_py:/opt/ros/humble /usr/bin/cmake /home/ros2_ws/src/robot_description -DCMAKE_INSTALL_PREFIX=/home/ros2_ws/install/robot_description
[1.016s] Invoking command in '/home/ros2_ws/build/robot_description': CMAKE_PREFIX_PATH=/home/ros2_ws/install/meu_pacote_py:/opt/ros/humble /usr/bin/cmake --build /home/ros2_ws/build/robot_description -- -j8 -l8
[1.050s] Invoked command in '/home/ros2_ws/build/robot_description' returned '0': CMAKE_PREFIX_PATH=/home/ros2_ws/install/meu_pacote_py:/opt/ros/humble /usr/bin/cmake --build /home/ros2_ws/build/robot_description -- -j8 -l8
[1.086s] Invoking command in '/home/ros2_ws/build/robot_description': CMAKE_PREFIX_PATH=/home/ros2_ws/install/meu_pacote_py:/opt/ros/humble /usr/bin/cmake --install /home/ros2_ws/build/robot_description
[1.094s] -- Install configuration: ""
[1.094s] -- Installing: /home/ros2_ws/install/robot_description/share/ament_index/resource_index/package_run_dependencies/robot_description
[1.094s] -- Installing: /home/ros2_ws/install/robot_description/share/ament_index/resource_index/parent_prefix_path/robot_description
[1.094s] -- Installing: /home/ros2_ws/install/robot_description/share/robot_description/environment/ament_prefix_path.sh
[1.094s] -- Installing: /home/ros2_ws/install/robot_description/share/robot_description/environment/ament_prefix_path.dsv
[1.095s] -- Installing: /home/ros2_ws/install/robot_description/share/robot_description/environment/path.sh
[1.095s] -- Installing: /home/ros2_ws/install/robot_description/share/robot_description/environment/path.dsv
[1.095s] -- Installing: /home/ros2_ws/install/robot_description/share/robot_description/local_setup.bash
[1.095s] -- Installing: /home/ros2_ws/install/robot_description/share/robot_description/local_setup.sh
[1.095s] -- Installing: /home/ros2_ws/install/robot_description/share/robot_description/local_setup.zsh
[1.095s] -- Installing: /home/ros2_ws/install/robot_description/share/robot_description/local_setup.dsv
[1.095s] -- Installing: /home/ros2_ws/install/robot_description/share/robot_description/package.dsv
[1.096s] -- Installing: /home/ros2_ws/install/robot_description/share/ament_index/resource_index/packages/robot_description
[1.096s] -- Installing: /home/ros2_ws/install/robot_description/share/robot_description/cmake/robot_descriptionConfig.cmake
[1.096s] -- Installing: /home/ros2_ws/install/robot_description/share/robot_description/cmake/robot_descriptionConfig-version.cmake
[1.096s] -- Installing: /home/ros2_ws/install/robot_description/share/robot_description/package.xml
[1.098s] Invoked command in '/home/ros2_ws/build/robot_description' returned '0': CMAKE_PREFIX_PATH=/home/ros2_ws/install/meu_pacote_py:/opt/ros/humble /usr/bin/cmake --install /home/ros2_ws/build/robot_description
