running egg_info
writing ../build/meu_pacote_py/meu_pacote_py.egg-info/PKG-INFO
writing dependency_links to ../build/meu_pacote_py/meu_pacote_py.egg-info/dependency_links.txt
writing entry points to ../build/meu_pacote_py/meu_pacote_py.egg-info/entry_points.txt
writing requirements to ../build/meu_pacote_py/meu_pacote_py.egg-info/requires.txt
writing top-level names to ../build/meu_pacote_py/meu_pacote_py.egg-info/top_level.txt
reading manifest file '../build/meu_pacote_py/meu_pacote_py.egg-info/SOURCES.txt'
writing manifest file '../build/meu_pacote_py/meu_pacote_py.egg-info/SOURCES.txt'
running build
running build_py
running install
running install_lib
running install_data
running install_egg_info
removing '/home/ros2_ws/install/meu_pacote_py/lib/python3.10/site-packages/meu_pacote_py-0.0.0-py3.10.egg-info' (and everything under it)
Copying ../build/meu_pacote_py/meu_pacote_py.egg-info to /home/ros2_ws/install/meu_pacote_py/lib/python3.10/site-packages/meu_pacote_py-0.0.0-py3.10.egg-info
running install_scripts
Installing publisher_py script to /home/ros2_ws/install/meu_pacote_py/lib/meu_pacote_py
Installing subscriber_py script to /home/ros2_ws/install/meu_pacote_py/lib/meu_pacote_py
writing list of installed files to '/home/ros2_ws/build/meu_pacote_py/install.log'
