[0.229s] Invoking command in '/home/ros2_ws/build/robot_description': CMAKE_PREFIX_PATH=${CMAKE_PREFIX_PATH}:/home/ros2_ws/install/meu_pacote_py:/opt/ros/humble /usr/bin/cmake --build /home/ros2_ws/build/robot_description -- -j8 -l8
[0.266s] Invoked command in '/home/ros2_ws/build/robot_description' returned '0': CMAKE_PREFIX_PATH=${CMAKE_PREFIX_PATH}:/home/ros2_ws/install/meu_pacote_py:/opt/ros/humble /usr/bin/cmake --build /home/ros2_ws/build/robot_description -- -j8 -l8
[0.297s] Invoking command in '/home/ros2_ws/build/robot_description': CMAKE_PREFIX_PATH=${CMAKE_PREFIX_PATH}:/home/ros2_ws/install/meu_pacote_py:/opt/ros/humble /usr/bin/cmake --install /home/ros2_ws/build/robot_description
[0.304s] -- Install configuration: ""
[0.304s] -- Up-to-date: /home/ros2_ws/install/robot_description/share/robot_description/launch
[0.304s] -- Up-to-date: /home/ros2_ws/install/robot_description/share/robot_description/launch/display.launch.py
[0.304s] -- Up-to-date: /home/ros2_ws/install/robot_description/share/robot_description/urdf
[0.304s] -- Installing: /home/ros2_ws/install/robot_description/share/robot_description/urdf/rrp_description.urdf.xacro
[0.304s] -- Up-to-date: /home/ros2_ws/install/robot_description/share/robot_description/urdf/puma560_description.urdf.xacro
[0.304s] -- Up-to-date: /home/ros2_ws/install/robot_description/share/robot_description/config
[0.304s] -- Up-to-date: /home/ros2_ws/install/robot_description/share/robot_description/meshes
[0.304s] -- Up-to-date: /home/ros2_ws/install/robot_description/share/robot_description/meshes/link_1.STL
[0.304s] -- Up-to-date: /home/ros2_ws/install/robot_description/share/robot_description/meshes/ligacao_link0_link1.stl
[0.304s] -- Up-to-date: /home/ros2_ws/install/robot_description/share/robot_description/meshes/eixo.stl
[0.304s] -- Up-to-date: /home/ros2_ws/install/robot_description/share/robot_description/meshes/base_link2.stl
[0.304s] -- Up-to-date: /home/ros2_ws/install/robot_description/share/robot_description/meshes/link_3.STL
[0.305s] -- Up-to-date: /home/ros2_ws/install/robot_description/share/robot_description/meshes/base_link1.STL
[0.305s] -- Up-to-date: /home/ros2_ws/install/robot_description/share/robot_description/meshes/estrutura_link2.stl
[0.305s] -- Up-to-date: /home/ros2_ws/install/robot_description/share/robot_description/meshes/base_link.STL
[0.305s] -- Up-to-date: /home/ros2_ws/install/robot_description/share/robot_description/meshes/link_2.STL
[0.305s] -- Up-to-date: /home/ros2_ws/install/robot_description/share/robot_description/rviz2
[0.305s] -- Up-to-date: /home/ros2_ws/install/robot_description/share/ament_index/resource_index/package_run_dependencies/robot_description
[0.305s] -- Up-to-date: /home/ros2_ws/install/robot_description/share/ament_index/resource_index/parent_prefix_path/robot_description
[0.305s] -- Up-to-date: /home/ros2_ws/install/robot_description/share/robot_description/environment/ament_prefix_path.sh
[0.305s] -- Up-to-date: /home/ros2_ws/install/robot_description/share/robot_description/environment/ament_prefix_path.dsv
[0.305s] -- Up-to-date: /home/ros2_ws/install/robot_description/share/robot_description/environment/path.sh
[0.305s] -- Up-to-date: /home/ros2_ws/install/robot_description/share/robot_description/environment/path.dsv
[0.305s] -- Up-to-date: /home/ros2_ws/install/robot_description/share/robot_description/local_setup.bash
[0.305s] -- Up-to-date: /home/ros2_ws/install/robot_description/share/robot_description/local_setup.sh
[0.305s] -- Up-to-date: /home/ros2_ws/install/robot_description/share/robot_description/local_setup.zsh
[0.305s] -- Up-to-date: /home/ros2_ws/install/robot_description/share/robot_description/local_setup.dsv
[0.305s] -- Installing: /home/ros2_ws/install/robot_description/share/robot_description/package.dsv
[0.306s] -- Up-to-date: /home/ros2_ws/install/robot_description/share/ament_index/resource_index/packages/robot_description
[0.306s] -- Up-to-date: /home/ros2_ws/install/robot_description/share/robot_description/cmake/robot_descriptionConfig.cmake
[0.306s] -- Up-to-date: /home/ros2_ws/install/robot_description/share/robot_description/cmake/robot_descriptionConfig-version.cmake
[0.306s] -- Up-to-date: /home/ros2_ws/install/robot_description/share/robot_description/package.xml
[0.308s] Invoked command in '/home/ros2_ws/build/robot_description' returned '0': CMAKE_PREFIX_PATH=${CMAKE_PREFIX_PATH}:/home/ros2_ws/install/meu_pacote_py:/opt/ros/humble /usr/bin/cmake --install /home/ros2_ws/build/robot_description
