[0.000000] (-) TimerEvent: {}
[0.000247] (meu_pacote_py) JobQueued: {'identifier': 'meu_pacote_py', 'dependencies': OrderedDict()}
[0.000533] (robot_description) JobQueued: {'identifier': 'robot_description', 'dependencies': OrderedDict()}
[0.000759] (meu_pacote_py) JobStarted: {'identifier': 'meu_pacote_py'}
[0.012720] (robot_description) JobStarted: {'identifier': 'robot_description'}
[0.099878] (-) TimerEvent: {}
[0.200244] (-) TimerEvent: {}
[0.241553] (robot_description) JobProgress: {'identifier': 'robot_description', 'progress': 'cmake'}
[0.242977] (robot_description) JobProgress: {'identifier': 'robot_description', 'progress': 'build'}
[0.243060] (robot_description) Command: {'cmd': ['/usr/bin/cmake', '--build', '/home/ros2_ws/build/robot_description', '--', '-j8', '-l8'], 'cwd': '/home/ros2_ws/build/robot_description', 'env': OrderedDict([('HOSTNAME', 'andre-computador'), ('SHLVL', '1'), ('LD_LIBRARY_PATH', '/opt/ros/humble/opt/rviz_ogre_vendor/lib:/opt/ros/humble/lib/x86_64-linux-gnu:/opt/ros/humble/lib'), ('HOME', '/home/ros2_ws'), ('OLDPWD', '/home/ros2_ws/src'), ('ROS_PYTHON_VERSION', '3'), ('COLCON_PREFIX_PATH', '/home/ros2_ws/install'), ('ROS_DISTRO', 'humble'), ('_', '/usr/bin/colcon'), ('ROS_VERSION', '2'), ('TERM', 'xterm'), ('ROS_LOCALHOST_ONLY', '0'), ('QT_X11_NO_MITSHM', '1'), ('PATH', '/opt/ros/humble/bin:/usr/local/sbin:/usr/local/bin:/usr/sbin:/usr/bin:/sbin:/bin'), ('XDG_RUNTIME_DIR', '/tmp/runtime-ros2_ws'), ('DISPLAY', ':1'), ('LANG', 'C.UTF-8'), ('AMENT_PREFIX_PATH', '/home/ros2_ws/install/robot_description:/home/ros2_ws/install/meu_pacote_py:/opt/ros/humble'), ('PWD', '/home/ros2_ws/build/robot_description'), ('LC_ALL', 'C.UTF-8'), ('GAZEBO_PLUGIN_PATH', '/usr/lib/x86_64-linux-gnu/gazebo-11/plugins:'), ('PYTHONPATH', '/home/ros2_ws/install/meu_pacote_py/lib/python3.10/site-packages:/opt/ros/humble/lib/python3.10/site-packages:/opt/ros/humble/local/lib/python3.10/dist-packages'), ('TZ', 'America/Sao_Paulo'), ('COLCON', '1'), ('CMAKE_PREFIX_PATH', '/home/ros2_ws/install/robot_description:/home/ros2_ws/install/meu_pacote_py:/opt/ros/humble')]), 'shell': False}
[0.280797] (robot_description) CommandEnded: {'returncode': 0}
[0.300328] (-) TimerEvent: {}
[0.301243] (robot_description) JobProgress: {'identifier': 'robot_description', 'progress': 'install'}
[0.311897] (robot_description) Command: {'cmd': ['/usr/bin/cmake', '--install', '/home/ros2_ws/build/robot_description'], 'cwd': '/home/ros2_ws/build/robot_description', 'env': OrderedDict([('HOSTNAME', 'andre-computador'), ('SHLVL', '1'), ('LD_LIBRARY_PATH', '/opt/ros/humble/opt/rviz_ogre_vendor/lib:/opt/ros/humble/lib/x86_64-linux-gnu:/opt/ros/humble/lib'), ('HOME', '/home/ros2_ws'), ('OLDPWD', '/home/ros2_ws/src'), ('ROS_PYTHON_VERSION', '3'), ('COLCON_PREFIX_PATH', '/home/ros2_ws/install'), ('ROS_DISTRO', 'humble'), ('_', '/usr/bin/colcon'), ('ROS_VERSION', '2'), ('TERM', 'xterm'), ('ROS_LOCALHOST_ONLY', '0'), ('QT_X11_NO_MITSHM', '1'), ('PATH', '/opt/ros/humble/bin:/usr/local/sbin:/usr/local/bin:/usr/sbin:/usr/bin:/sbin:/bin'), ('XDG_RUNTIME_DIR', '/tmp/runtime-ros2_ws'), ('DISPLAY', ':1'), ('LANG', 'C.UTF-8'), ('AMENT_PREFIX_PATH', '/home/ros2_ws/install/robot_description:/home/ros2_ws/install/meu_pacote_py:/opt/ros/humble'), ('PWD', '/home/ros2_ws/build/robot_description'), ('LC_ALL', 'C.UTF-8'), ('GAZEBO_PLUGIN_PATH', '/usr/lib/x86_64-linux-gnu/gazebo-11/plugins:'), ('PYTHONPATH', '/home/ros2_ws/install/meu_pacote_py/lib/python3.10/site-packages:/opt/ros/humble/lib/python3.10/site-packages:/opt/ros/humble/local/lib/python3.10/dist-packages'), ('TZ', 'America/Sao_Paulo'), ('COLCON', '1'), ('CMAKE_PREFIX_PATH', '/home/ros2_ws/install/robot_description:/home/ros2_ws/install/meu_pacote_py:/opt/ros/humble')]), 'shell': False}
[0.319807] (robot_description) StdoutLine: {'line': b'-- Install configuration: ""\n'}
[0.320046] (robot_description) StdoutLine: {'line': b'-- Up-to-date: /home/ros2_ws/install/robot_description/share/robot_description/launch\n'}
[0.320138] (robot_description) StdoutLine: {'line': b'-- Up-to-date: /home/ros2_ws/install/robot_description/share/robot_description/launch/display.launch.py\n'}
[0.320326] (robot_description) StdoutLine: {'line': b'-- Up-to-date: /home/ros2_ws/install/robot_description/share/robot_description/urdf\n'}
[0.320465] (robot_description) StdoutLine: {'line': b'-- Installing: /home/ros2_ws/install/robot_description/share/robot_description/urdf/rrp_description.urdf.xacro\n'}
[0.320541] (robot_description) StdoutLine: {'line': b'-- Up-to-date: /home/ros2_ws/install/robot_description/share/robot_description/urdf/puma560_description.urdf.xacro\n'}
[0.320615] (robot_description) StdoutLine: {'line': b'-- Up-to-date: /home/ros2_ws/install/robot_description/share/robot_description/config\n'}
[0.320689] (robot_description) StdoutLine: {'line': b'-- Up-to-date: /home/ros2_ws/install/robot_description/share/robot_description/meshes\n'}
[0.320762] (robot_description) StdoutLine: {'line': b'-- Up-to-date: /home/ros2_ws/install/robot_description/share/robot_description/meshes/base_link2.STL\n'}
[0.320836] (robot_description) StdoutLine: {'line': b'-- Up-to-date: /home/ros2_ws/install/robot_description/share/robot_description/meshes/link_1.STL\n'}
[0.320908] (robot_description) StdoutLine: {'line': b'-- Up-to-date: /home/ros2_ws/install/robot_description/share/robot_description/meshes/link_3.STL\n'}
[0.320977] (robot_description) StdoutLine: {'line': b'-- Up-to-date: /home/ros2_ws/install/robot_description/share/robot_description/meshes/base_link1.STL\n'}
[0.321085] (robot_description) StdoutLine: {'line': b'-- Up-to-date: /home/ros2_ws/install/robot_description/share/robot_description/meshes/ligacao_link0_link1.STL\n'}
[0.321217] (robot_description) StdoutLine: {'line': b'-- Up-to-date: /home/ros2_ws/install/robot_description/share/robot_description/meshes/eixo.STL\n'}
[0.321349] (robot_description) StdoutLine: {'line': b'-- Up-to-date: /home/ros2_ws/install/robot_description/share/robot_description/meshes/estrutura_link2.STL\n'}
[0.321421] (robot_description) StdoutLine: {'line': b'-- Up-to-date: /home/ros2_ws/install/robot_description/share/robot_description/meshes/base_link.STL\n'}
[0.321488] (robot_description) StdoutLine: {'line': b'-- Up-to-date: /home/ros2_ws/install/robot_description/share/robot_description/meshes/link_2.STL\n'}
[0.321556] (robot_description) StdoutLine: {'line': b'-- Up-to-date: /home/ros2_ws/install/robot_description/share/robot_description/rviz2\n'}
[0.321622] (robot_description) StdoutLine: {'line': b'-- Up-to-date: /home/ros2_ws/install/robot_description/share/ament_index/resource_index/package_run_dependencies/robot_description\n'}
[0.321690] (robot_description) StdoutLine: {'line': b'-- Up-to-date: /home/ros2_ws/install/robot_description/share/ament_index/resource_index/parent_prefix_path/robot_description\n'}
[0.321757] (robot_description) StdoutLine: {'line': b'-- Up-to-date: /home/ros2_ws/install/robot_description/share/robot_description/environment/ament_prefix_path.sh\n'}
[0.321823] (robot_description) StdoutLine: {'line': b'-- Up-to-date: /home/ros2_ws/install/robot_description/share/robot_description/environment/ament_prefix_path.dsv\n'}
[0.321889] (robot_description) StdoutLine: {'line': b'-- Up-to-date: /home/ros2_ws/install/robot_description/share/robot_description/environment/path.sh\n'}
[0.321955] (robot_description) StdoutLine: {'line': b'-- Up-to-date: /home/ros2_ws/install/robot_description/share/robot_description/environment/path.dsv\n'}
[0.322021] (robot_description) StdoutLine: {'line': b'-- Up-to-date: /home/ros2_ws/install/robot_description/share/robot_description/local_setup.bash\n'}
[0.322088] (robot_description) StdoutLine: {'line': b'-- Up-to-date: /home/ros2_ws/install/robot_description/share/robot_description/local_setup.sh\n'}
[0.322189] (robot_description) StdoutLine: {'line': b'-- Up-to-date: /home/ros2_ws/install/robot_description/share/robot_description/local_setup.zsh\n'}
[0.322308] (robot_description) StdoutLine: {'line': b'-- Up-to-date: /home/ros2_ws/install/robot_description/share/robot_description/local_setup.dsv\n'}
[0.322359] (robot_description) StdoutLine: {'line': b'-- Installing: /home/ros2_ws/install/robot_description/share/robot_description/package.dsv\n'}
[0.322415] (robot_description) StdoutLine: {'line': b'-- Up-to-date: /home/ros2_ws/install/robot_description/share/ament_index/resource_index/packages/robot_description\n'}
[0.322463] (robot_description) StdoutLine: {'line': b'-- Up-to-date: /home/ros2_ws/install/robot_description/share/robot_description/cmake/robot_descriptionConfig.cmake\n'}
[0.322509] (robot_description) StdoutLine: {'line': b'-- Up-to-date: /home/ros2_ws/install/robot_description/share/robot_description/cmake/robot_descriptionConfig-version.cmake\n'}
[0.322578] (robot_description) StdoutLine: {'line': b'-- Up-to-date: /home/ros2_ws/install/robot_description/share/robot_description/package.xml\n'}
[0.324170] (robot_description) CommandEnded: {'returncode': 0}
[0.358072] (robot_description) JobEnded: {'identifier': 'robot_description', 'rc': 0}
[0.400429] (-) TimerEvent: {}
[0.500752] (-) TimerEvent: {}
[0.570832] (meu_pacote_py) Command: {'cmd': ['/usr/bin/python3', '-W', 'ignore:setup.py install is deprecated', 'setup.py', 'egg_info', '--egg-base', '../build/meu_pacote_py', 'build', '--build-base', '/home/ros2_ws/build/meu_pacote_py/build', 'install', '--record', '/home/ros2_ws/build/meu_pacote_py/install.log', '--single-version-externally-managed', 'install_data'], 'cwd': '/home/ros2_ws/meu_pacote_py', 'env': {'HOSTNAME': 'andre-computador', 'SHLVL': '1', 'LD_LIBRARY_PATH': '/opt/ros/humble/opt/rviz_ogre_vendor/lib:/opt/ros/humble/lib/x86_64-linux-gnu:/opt/ros/humble/lib', 'HOME': '/home/ros2_ws', 'OLDPWD': '/home/ros2_ws/src', 'ROS_PYTHON_VERSION': '3', 'COLCON_PREFIX_PATH': '/home/ros2_ws/install', 'ROS_DISTRO': 'humble', '_': '/usr/bin/colcon', 'ROS_VERSION': '2', 'TERM': 'xterm', 'ROS_LOCALHOST_ONLY': '0', 'QT_X11_NO_MITSHM': '1', 'PATH': '/opt/ros/humble/bin:/usr/local/sbin:/usr/local/bin:/usr/sbin:/usr/bin:/sbin:/bin', 'XDG_RUNTIME_DIR': '/tmp/runtime-ros2_ws', 'DISPLAY': ':1', 'LANG': 'C.UTF-8', 'AMENT_PREFIX_PATH': '/home/ros2_ws/install/robot_description:/home/ros2_ws/install/meu_pacote_py:/opt/ros/humble', 'PWD': '/home/ros2_ws/build/meu_pacote_py', 'LC_ALL': 'C.UTF-8', 'GAZEBO_PLUGIN_PATH': '/usr/lib/x86_64-linux-gnu/gazebo-11/plugins:', 'PYTHONPATH': '/home/ros2_ws/build/meu_pacote_py/prefix_override:/usr/lib/python3/dist-packages/colcon_core/task/python/colcon_distutils_commands:/home/ros2_ws/install/meu_pacote_py/lib/python3.10/site-packages:/home/ros2_ws/install/meu_pacote_py/lib/python3.10/site-packages:/opt/ros/humble/lib/python3.10/site-packages:/opt/ros/humble/local/lib/python3.10/dist-packages', 'TZ': 'America/Sao_Paulo', 'COLCON': '1', 'CMAKE_PREFIX_PATH': '/home/ros2_ws/install/robot_description'}, 'shell': False}
[0.600876] (-) TimerEvent: {}
[0.701237] (-) TimerEvent: {}
[0.775864] (meu_pacote_py) StdoutLine: {'line': b'running egg_info\n'}
[0.776734] (meu_pacote_py) StdoutLine: {'line': b'writing ../build/meu_pacote_py/meu_pacote_py.egg-info/PKG-INFO\n'}
[0.776926] (meu_pacote_py) StdoutLine: {'line': b'writing dependency_links to ../build/meu_pacote_py/meu_pacote_py.egg-info/dependency_links.txt\n'}
[0.777022] (meu_pacote_py) StdoutLine: {'line': b'writing entry points to ../build/meu_pacote_py/meu_pacote_py.egg-info/entry_points.txt\n'}
[0.777128] (meu_pacote_py) StdoutLine: {'line': b'writing requirements to ../build/meu_pacote_py/meu_pacote_py.egg-info/requires.txt\n'}
[0.777290] (meu_pacote_py) StdoutLine: {'line': b'writing top-level names to ../build/meu_pacote_py/meu_pacote_py.egg-info/top_level.txt\n'}
[0.779086] (meu_pacote_py) StdoutLine: {'line': b"reading manifest file '../build/meu_pacote_py/meu_pacote_py.egg-info/SOURCES.txt'\n"}
[0.779986] (meu_pacote_py) StdoutLine: {'line': b"writing manifest file '../build/meu_pacote_py/meu_pacote_py.egg-info/SOURCES.txt'\n"}
[0.780135] (meu_pacote_py) StdoutLine: {'line': b'running build\n'}
[0.780213] (meu_pacote_py) StdoutLine: {'line': b'running build_py\n'}
[0.780395] (meu_pacote_py) StdoutLine: {'line': b'running install\n'}
[0.780661] (meu_pacote_py) StdoutLine: {'line': b'running install_lib\n'}
[0.781946] (meu_pacote_py) StdoutLine: {'line': b'running install_data\n'}
[0.782102] (meu_pacote_py) StdoutLine: {'line': b'running install_egg_info\n'}
[0.783776] (meu_pacote_py) StdoutLine: {'line': b"removing '/home/ros2_ws/install/meu_pacote_py/lib/python3.10/site-packages/meu_pacote_py-0.0.0-py3.10.egg-info' (and everything under it)\n"}
[0.784217] (meu_pacote_py) StdoutLine: {'line': b'Copying ../build/meu_pacote_py/meu_pacote_py.egg-info to /home/ros2_ws/install/meu_pacote_py/lib/python3.10/site-packages/meu_pacote_py-0.0.0-py3.10.egg-info\n'}
[0.784973] (meu_pacote_py) StdoutLine: {'line': b'running install_scripts\n'}
[0.801323] (-) TimerEvent: {}
[0.804779] (meu_pacote_py) StdoutLine: {'line': b'Installing publisher_py script to /home/ros2_ws/install/meu_pacote_py/lib/meu_pacote_py\n'}
[0.805119] (meu_pacote_py) StdoutLine: {'line': b'Installing subscriber_py script to /home/ros2_ws/install/meu_pacote_py/lib/meu_pacote_py\n'}
[0.805902] (meu_pacote_py) StdoutLine: {'line': b"writing list of installed files to '/home/ros2_ws/build/meu_pacote_py/install.log'\n"}
[0.827277] (meu_pacote_py) CommandEnded: {'returncode': 0}
[0.833666] (meu_pacote_py) JobEnded: {'identifier': 'meu_pacote_py', 'rc': 0}
[0.834332] (-) EventReactorShutdown: {}
