running egg_info
creating ../build/meu_pacote_py/meu_pacote_py.egg-info
writing ../build/meu_pacote_py/meu_pacote_py.egg-info/PKG-INFO
writing dependency_links to ../build/meu_pacote_py/meu_pacote_py.egg-info/dependency_links.txt
writing entry points to ../build/meu_pacote_py/meu_pacote_py.egg-info/entry_points.txt
writing requirements to ../build/meu_pacote_py/meu_pacote_py.egg-info/requires.txt
writing top-level names to ../build/meu_pacote_py/meu_pacote_py.egg-info/top_level.txt
writing manifest file '../build/meu_pacote_py/meu_pacote_py.egg-info/SOURCES.txt'
reading manifest file '../build/meu_pacote_py/meu_pacote_py.egg-info/SOURCES.txt'
writing manifest file '../build/meu_pacote_py/meu_pacote_py.egg-info/SOURCES.txt'
running build
running build_py
creating /home/ros2_ws/build/meu_pacote_py/build
creating /home/ros2_ws/build/meu_pacote_py/build/lib
creating /home/ros2_ws/build/meu_pacote_py/build/lib/meu_pacote_py
copying meu_pacote_py/publisher_py.py -> /home/ros2_ws/build/meu_pacote_py/build/lib/meu_pacote_py
copying meu_pacote_py/subscriber_py.py -> /home/ros2_ws/build/meu_pacote_py/build/lib/meu_pacote_py
copying meu_pacote_py/__init__.py -> /home/ros2_ws/build/meu_pacote_py/build/lib/meu_pacote_py
running install
running install_lib
creating /home/ros2_ws/install/meu_pacote_py/lib/python3.10/site-packages/meu_pacote_py
copying /home/ros2_ws/build/meu_pacote_py/build/lib/meu_pacote_py/publisher_py.py -> /home/ros2_ws/install/meu_pacote_py/lib/python3.10/site-packages/meu_pacote_py
copying /home/ros2_ws/build/meu_pacote_py/build/lib/meu_pacote_py/subscriber_py.py -> /home/ros2_ws/install/meu_pacote_py/lib/python3.10/site-packages/meu_pacote_py
copying /home/ros2_ws/build/meu_pacote_py/build/lib/meu_pacote_py/__init__.py -> /home/ros2_ws/install/meu_pacote_py/lib/python3.10/site-packages/meu_pacote_py
byte-compiling /home/ros2_ws/install/meu_pacote_py/lib/python3.10/site-packages/meu_pacote_py/publisher_py.py to publisher_py.cpython-310.pyc
byte-compiling /home/ros2_ws/install/meu_pacote_py/lib/python3.10/site-packages/meu_pacote_py/subscriber_py.py to subscriber_py.cpython-310.pyc
byte-compiling /home/ros2_ws/install/meu_pacote_py/lib/python3.10/site-packages/meu_pacote_py/__init__.py to __init__.cpython-310.pyc
running install_data
creating /home/ros2_ws/install/meu_pacote_py/share/ament_index
creating /home/ros2_ws/install/meu_pacote_py/share/ament_index/resource_index
creating /home/ros2_ws/install/meu_pacote_py/share/ament_index/resource_index/packages
copying resource/meu_pacote_py -> /home/ros2_ws/install/meu_pacote_py/share/ament_index/resource_index/packages
copying package.xml -> /home/ros2_ws/install/meu_pacote_py/share/meu_pacote_py
running install_egg_info
Copying ../build/meu_pacote_py/meu_pacote_py.egg-info to /home/ros2_ws/install/meu_pacote_py/lib/python3.10/site-packages/meu_pacote_py-0.0.0-py3.10.egg-info
running install_scripts
Installing publisher_py script to /home/ros2_ws/install/meu_pacote_py/lib/meu_pacote_py
Installing subscriber_py script to /home/ros2_ws/install/meu_pacote_py/lib/meu_pacote_py
writing list of installed files to '/home/ros2_ws/build/meu_pacote_py/install.log'
