[0.654s] Invoking command in '/home/ros2_ws/meu_pacote_py': PYTHONPATH=/home/ros2_ws/build/meu_pacote_py/prefix_override:/usr/lib/python3/dist-packages/colcon_core/task/python/colcon_distutils_commands:/home/ros2_ws/install/meu_pacote_py/lib/python3.10/site-packages:${PYTHONPATH} /usr/bin/python3 -W ignore:setup.py install is deprecated setup.py egg_info --egg-base ../build/meu_pacote_py build --build-base /home/ros2_ws/build/meu_pacote_py/build install --record /home/ros2_ws/build/meu_pacote_py/install.log --single-version-externally-managed install_data
[0.890s] running egg_info
[0.891s] creating ../build/meu_pacote_py/meu_pacote_py.egg-info
[0.891s] writing ../build/meu_pacote_py/meu_pacote_py.egg-info/PKG-INFO
[0.891s] writing dependency_links to ../build/meu_pacote_py/meu_pacote_py.egg-info/dependency_links.txt
[0.891s] writing entry points to ../build/meu_pacote_py/meu_pacote_py.egg-info/entry_points.txt
[0.891s] writing requirements to ../build/meu_pacote_py/meu_pacote_py.egg-info/requires.txt
[0.891s] writing top-level names to ../build/meu_pacote_py/meu_pacote_py.egg-info/top_level.txt
[0.892s] writing manifest file '../build/meu_pacote_py/meu_pacote_py.egg-info/SOURCES.txt'
[0.894s] reading manifest file '../build/meu_pacote_py/meu_pacote_py.egg-info/SOURCES.txt'
[0.894s] writing manifest file '../build/meu_pacote_py/meu_pacote_py.egg-info/SOURCES.txt'
[0.894s] running build
[0.894s] running build_py
[0.894s] creating /home/ros2_ws/build/meu_pacote_py/build
[0.895s] creating /home/ros2_ws/build/meu_pacote_py/build/lib
[0.895s] creating /home/ros2_ws/build/meu_pacote_py/build/lib/meu_pacote_py
[0.895s] copying meu_pacote_py/publisher_py.py -> /home/ros2_ws/build/meu_pacote_py/build/lib/meu_pacote_py
[0.895s] copying meu_pacote_py/subscriber_py.py -> /home/ros2_ws/build/meu_pacote_py/build/lib/meu_pacote_py
[0.895s] copying meu_pacote_py/__init__.py -> /home/ros2_ws/build/meu_pacote_py/build/lib/meu_pacote_py
[0.895s] running install
[0.895s] running install_lib
[0.896s] creating /home/ros2_ws/install/meu_pacote_py/lib/python3.10/site-packages/meu_pacote_py
[0.896s] copying /home/ros2_ws/build/meu_pacote_py/build/lib/meu_pacote_py/publisher_py.py -> /home/ros2_ws/install/meu_pacote_py/lib/python3.10/site-packages/meu_pacote_py
[0.896s] copying /home/ros2_ws/build/meu_pacote_py/build/lib/meu_pacote_py/subscriber_py.py -> /home/ros2_ws/install/meu_pacote_py/lib/python3.10/site-packages/meu_pacote_py
[0.896s] copying /home/ros2_ws/build/meu_pacote_py/build/lib/meu_pacote_py/__init__.py -> /home/ros2_ws/install/meu_pacote_py/lib/python3.10/site-packages/meu_pacote_py
[0.896s] byte-compiling /home/ros2_ws/install/meu_pacote_py/lib/python3.10/site-packages/meu_pacote_py/publisher_py.py to publisher_py.cpython-310.pyc
[0.897s] byte-compiling /home/ros2_ws/install/meu_pacote_py/lib/python3.10/site-packages/meu_pacote_py/subscriber_py.py to subscriber_py.cpython-310.pyc
[0.897s] byte-compiling /home/ros2_ws/install/meu_pacote_py/lib/python3.10/site-packages/meu_pacote_py/__init__.py to __init__.cpython-310.pyc
[0.897s] running install_data
[0.897s] creating /home/ros2_ws/install/meu_pacote_py/share/ament_index
[0.897s] creating /home/ros2_ws/install/meu_pacote_py/share/ament_index/resource_index
[0.897s] creating /home/ros2_ws/install/meu_pacote_py/share/ament_index/resource_index/packages
[0.898s] copying resource/meu_pacote_py -> /home/ros2_ws/install/meu_pacote_py/share/ament_index/resource_index/packages
[0.898s] copying package.xml -> /home/ros2_ws/install/meu_pacote_py/share/meu_pacote_py
[0.898s] running install_egg_info
[0.899s] Copying ../build/meu_pacote_py/meu_pacote_py.egg-info to /home/ros2_ws/install/meu_pacote_py/lib/python3.10/site-packages/meu_pacote_py-0.0.0-py3.10.egg-info
[0.900s] running install_scripts
[0.922s] Installing publisher_py script to /home/ros2_ws/install/meu_pacote_py/lib/meu_pacote_py
[0.922s] Installing subscriber_py script to /home/ros2_ws/install/meu_pacote_py/lib/meu_pacote_py
[0.922s] writing list of installed files to '/home/ros2_ws/build/meu_pacote_py/install.log'
[0.943s] Invoked command in '/home/ros2_ws/meu_pacote_py' returned '0': PYTHONPATH=/home/ros2_ws/build/meu_pacote_py/prefix_override:/usr/lib/python3/dist-packages/colcon_core/task/python/colcon_distutils_commands:/home/ros2_ws/install/meu_pacote_py/lib/python3.10/site-packages:${PYTHONPATH} /usr/bin/python3 -W ignore:setup.py install is deprecated setup.py egg_info --egg-base ../build/meu_pacote_py build --build-base /home/ros2_ws/build/meu_pacote_py/build install --record /home/ros2_ws/build/meu_pacote_py/install.log --single-version-externally-managed install_data
