[0.000000] (-) TimerEvent: {}
[0.000405] (meu_pacote_py) JobQueued: {'identifier': 'meu_pacote_py', 'dependencies': OrderedDict()}
[0.000571] (robot_description) JobQueued: {'identifier': 'robot_description', 'dependencies': OrderedDict()}
[0.000591] (meu_pacote_py) JobStarted: {'identifier': 'meu_pacote_py'}
[0.012891] (robot_description) JobStarted: {'identifier': 'robot_description'}
[0.099767] (-) TimerEvent: {}
[0.200021] (-) TimerEvent: {}
[0.248118] (robot_description) JobProgress: {'identifier': 'robot_description', 'progress': 'cmake'}
[0.249284] (robot_description) JobProgress: {'identifier': 'robot_description', 'progress': 'build'}
[0.249412] (robot_description) Command: {'cmd': ['/usr/bin/cmake', '--build', '/home/ros2_ws/build/robot_description', '--', '-j8', '-l8'], 'cwd': '/home/ros2_ws/build/robot_description', 'env': OrderedDict([('HOSTNAME', 'andre-computador'), ('SHLVL', '1'), ('LD_LIBRARY_PATH', '/opt/ros/humble/opt/rviz_ogre_vendor/lib:/opt/ros/humble/lib/x86_64-linux-gnu:/opt/ros/humble/lib'), ('HOME', '/home/ros2_ws'), ('OLDPWD', '/home/ros2_ws/src'), ('ROS_PYTHON_VERSION', '3'), ('COLCON_PREFIX_PATH', '/home/ros2_ws/install'), ('ROS_DISTRO', 'humble'), ('_', '/usr/bin/colcon'), ('ROS_VERSION', '2'), ('TERM', 'xterm'), ('ROS_LOCALHOST_ONLY', '0'), ('QT_X11_NO_MITSHM', '1'), ('PATH', '/opt/ros/humble/bin:/usr/local/sbin:/usr/local/bin:/usr/sbin:/usr/bin:/sbin:/bin'), ('XDG_RUNTIME_DIR', '/tmp/runtime-ros2_ws'), ('DISPLAY', ':1'), ('LANG', 'C.UTF-8'), ('AMENT_PREFIX_PATH', '/home/ros2_ws/install/robot_description:/home/ros2_ws/install/meu_pacote_py:/opt/ros/humble'), ('PWD', '/home/ros2_ws/build/robot_description'), ('LC_ALL', 'C.UTF-8'), ('GAZEBO_PLUGIN_PATH', '/usr/lib/x86_64-linux-gnu/gazebo-11/plugins:'), ('PYTHONPATH', '/home/ros2_ws/install/meu_pacote_py/lib/python3.10/site-packages:/opt/ros/humble/lib/python3.10/site-packages:/opt/ros/humble/local/lib/python3.10/dist-packages'), ('TZ', 'America/Sao_Paulo'), ('COLCON', '1'), ('CMAKE_PREFIX_PATH', '/home/ros2_ws/install/robot_description:/home/ros2_ws/install/meu_pacote_py:/opt/ros/humble')]), 'shell': False}
[0.287029] (robot_description) CommandEnded: {'returncode': 0}
[0.300089] (-) TimerEvent: {}
[0.311362] (robot_description) JobProgress: {'identifier': 'robot_description', 'progress': 'install'}
[0.320841] (robot_description) Command: {'cmd': ['/usr/bin/cmake', '--install', '/home/ros2_ws/build/robot_description'], 'cwd': '/home/ros2_ws/build/robot_description', 'env': OrderedDict([('HOSTNAME', 'andre-computador'), ('SHLVL', '1'), ('LD_LIBRARY_PATH', '/opt/ros/humble/opt/rviz_ogre_vendor/lib:/opt/ros/humble/lib/x86_64-linux-gnu:/opt/ros/humble/lib'), ('HOME', '/home/ros2_ws'), ('OLDPWD', '/home/ros2_ws/src'), ('ROS_PYTHON_VERSION', '3'), ('COLCON_PREFIX_PATH', '/home/ros2_ws/install'), ('ROS_DISTRO', 'humble'), ('_', '/usr/bin/colcon'), ('ROS_VERSION', '2'), ('TERM', 'xterm'), ('ROS_LOCALHOST_ONLY', '0'), ('QT_X11_NO_MITSHM', '1'), ('PATH', '/opt/ros/humble/bin:/usr/local/sbin:/usr/local/bin:/usr/sbin:/usr/bin:/sbin:/bin'), ('XDG_RUNTIME_DIR', '/tmp/runtime-ros2_ws'), ('DISPLAY', ':1'), ('LANG', 'C.UTF-8'), ('AMENT_PREFIX_PATH', '/home/ros2_ws/install/robot_description:/home/ros2_ws/install/meu_pacote_py:/opt/ros/humble'), ('PWD', '/home/ros2_ws/build/robot_description'), ('LC_ALL', 'C.UTF-8'), ('GAZEBO_PLUGIN_PATH', '/usr/lib/x86_64-linux-gnu/gazebo-11/plugins:'), ('PYTHONPATH', '/home/ros2_ws/install/meu_pacote_py/lib/python3.10/site-packages:/opt/ros/humble/lib/python3.10/site-packages:/opt/ros/humble/local/lib/python3.10/dist-packages'), ('TZ', 'America/Sao_Paulo'), ('COLCON', '1'), ('CMAKE_PREFIX_PATH', '/home/ros2_ws/install/robot_description:/home/ros2_ws/install/meu_pacote_py:/opt/ros/humble')]), 'shell': False}
[0.328491] (robot_description) StdoutLine: {'line': b'-- Install configuration: ""\n'}
[0.328742] (robot_description) StdoutLine: {'line': b'-- Up-to-date: /home/ros2_ws/install/robot_description/share/robot_description/launch\n'}
[0.328846] (robot_description) StdoutLine: {'line': b'-- Up-to-date: /home/ros2_ws/install/robot_description/share/robot_description/launch/display.launch.py\n'}
[0.329028] (robot_description) StdoutLine: {'line': b'-- Up-to-date: /home/ros2_ws/install/robot_description/share/robot_description/urdf\n'}
[0.329178] (robot_description) StdoutLine: {'line': b'-- Installing: /home/ros2_ws/install/robot_description/share/robot_description/urdf/rrp_description.urdf.xacro\n'}
[0.329268] (robot_description) StdoutLine: {'line': b'-- Up-to-date: /home/ros2_ws/install/robot_description/share/robot_description/urdf/puma560_description.urdf.xacro\n'}
[0.329353] (robot_description) StdoutLine: {'line': b'-- Up-to-date: /home/ros2_ws/install/robot_description/share/robot_description/config\n'}
[0.329438] (robot_description) StdoutLine: {'line': b'-- Up-to-date: /home/ros2_ws/install/robot_description/share/robot_description/meshes\n'}
[0.329518] (robot_description) StdoutLine: {'line': b'-- Up-to-date: /home/ros2_ws/install/robot_description/share/robot_description/meshes/link_1.STL\n'}
[0.329600] (robot_description) StdoutLine: {'line': b'-- Up-to-date: /home/ros2_ws/install/robot_description/share/robot_description/meshes/ligacao_link0_link1.stl\n'}
[0.329684] (robot_description) StdoutLine: {'line': b'-- Up-to-date: /home/ros2_ws/install/robot_description/share/robot_description/meshes/eixo.stl\n'}
[0.329765] (robot_description) StdoutLine: {'line': b'-- Up-to-date: /home/ros2_ws/install/robot_description/share/robot_description/meshes/base_link2.stl\n'}
[0.329847] (robot_description) StdoutLine: {'line': b'-- Up-to-date: /home/ros2_ws/install/robot_description/share/robot_description/meshes/link_3.STL\n'}
[0.329929] (robot_description) StdoutLine: {'line': b'-- Up-to-date: /home/ros2_ws/install/robot_description/share/robot_description/meshes/base_link1.STL\n'}
[0.330013] (robot_description) StdoutLine: {'line': b'-- Up-to-date: /home/ros2_ws/install/robot_description/share/robot_description/meshes/estrutura_link2.stl\n'}
[0.330204] (robot_description) StdoutLine: {'line': b'-- Up-to-date: /home/ros2_ws/install/robot_description/share/robot_description/meshes/base_link.STL\n'}
[0.330300] (robot_description) StdoutLine: {'line': b'-- Up-to-date: /home/ros2_ws/install/robot_description/share/robot_description/meshes/link_2.STL\n'}
[0.330382] (robot_description) StdoutLine: {'line': b'-- Up-to-date: /home/ros2_ws/install/robot_description/share/robot_description/rviz2\n'}
[0.330462] (robot_description) StdoutLine: {'line': b'-- Up-to-date: /home/ros2_ws/install/robot_description/share/ament_index/resource_index/package_run_dependencies/robot_description\n'}
[0.330562] (robot_description) StdoutLine: {'line': b'-- Up-to-date: /home/ros2_ws/install/robot_description/share/ament_index/resource_index/parent_prefix_path/robot_description\n'}
[0.330643] (robot_description) StdoutLine: {'line': b'-- Up-to-date: /home/ros2_ws/install/robot_description/share/robot_description/environment/ament_prefix_path.sh\n'}
[0.330725] (robot_description) StdoutLine: {'line': b'-- Up-to-date: /home/ros2_ws/install/robot_description/share/robot_description/environment/ament_prefix_path.dsv\n'}
[0.330805] (robot_description) StdoutLine: {'line': b'-- Up-to-date: /home/ros2_ws/install/robot_description/share/robot_description/environment/path.sh\n'}
[0.330887] (robot_description) StdoutLine: {'line': b'-- Up-to-date: /home/ros2_ws/install/robot_description/share/robot_description/environment/path.dsv\n'}
[0.330969] (robot_description) StdoutLine: {'line': b'-- Up-to-date: /home/ros2_ws/install/robot_description/share/robot_description/local_setup.bash\n'}
[0.331086] (robot_description) StdoutLine: {'line': b'-- Up-to-date: /home/ros2_ws/install/robot_description/share/robot_description/local_setup.sh\n'}
[0.331171] (robot_description) StdoutLine: {'line': b'-- Up-to-date: /home/ros2_ws/install/robot_description/share/robot_description/local_setup.zsh\n'}
[0.331250] (robot_description) StdoutLine: {'line': b'-- Up-to-date: /home/ros2_ws/install/robot_description/share/robot_description/local_setup.dsv\n'}
[0.331333] (robot_description) StdoutLine: {'line': b'-- Installing: /home/ros2_ws/install/robot_description/share/robot_description/package.dsv\n'}
[0.331457] (robot_description) StdoutLine: {'line': b'-- Up-to-date: /home/ros2_ws/install/robot_description/share/ament_index/resource_index/packages/robot_description\n'}
[0.331723] (robot_description) StdoutLine: {'line': b'-- Up-to-date: /home/ros2_ws/install/robot_description/share/robot_description/cmake/robot_descriptionConfig.cmake\n'}
[0.331986] (robot_description) StdoutLine: {'line': b'-- Up-to-date: /home/ros2_ws/install/robot_description/share/robot_description/cmake/robot_descriptionConfig-version.cmake\n'}
[0.332234] (robot_description) StdoutLine: {'line': b'-- Up-to-date: /home/ros2_ws/install/robot_description/share/robot_description/package.xml\n'}
[0.332670] (robot_description) CommandEnded: {'returncode': 0}
[0.366728] (robot_description) JobEnded: {'identifier': 'robot_description', 'rc': 0}
[0.400373] (-) TimerEvent: {}
[0.500662] (-) TimerEvent: {}
[0.585579] (meu_pacote_py) Command: {'cmd': ['/usr/bin/python3', '-W', 'ignore:setup.py install is deprecated', 'setup.py', 'egg_info', '--egg-base', '../build/meu_pacote_py', 'build', '--build-base', '/home/ros2_ws/build/meu_pacote_py/build', 'install', '--record', '/home/ros2_ws/build/meu_pacote_py/install.log', '--single-version-externally-managed', 'install_data'], 'cwd': '/home/ros2_ws/meu_pacote_py', 'env': {'HOSTNAME': 'andre-computador', 'SHLVL': '1', 'LD_LIBRARY_PATH': '/opt/ros/humble/opt/rviz_ogre_vendor/lib:/opt/ros/humble/lib/x86_64-linux-gnu:/opt/ros/humble/lib', 'HOME': '/home/ros2_ws', 'OLDPWD': '/home/ros2_ws/src', 'ROS_PYTHON_VERSION': '3', 'COLCON_PREFIX_PATH': '/home/ros2_ws/install', 'ROS_DISTRO': 'humble', '_': '/usr/bin/colcon', 'ROS_VERSION': '2', 'TERM': 'xterm', 'ROS_LOCALHOST_ONLY': '0', 'QT_X11_NO_MITSHM': '1', 'PATH': '/opt/ros/humble/bin:/usr/local/sbin:/usr/local/bin:/usr/sbin:/usr/bin:/sbin:/bin', 'XDG_RUNTIME_DIR': '/tmp/runtime-ros2_ws', 'DISPLAY': ':1', 'LANG': 'C.UTF-8', 'AMENT_PREFIX_PATH': '/home/ros2_ws/install/robot_description:/home/ros2_ws/install/meu_pacote_py:/opt/ros/humble', 'PWD': '/home/ros2_ws/build/meu_pacote_py', 'LC_ALL': 'C.UTF-8', 'GAZEBO_PLUGIN_PATH': '/usr/lib/x86_64-linux-gnu/gazebo-11/plugins:', 'PYTHONPATH': '/home/ros2_ws/build/meu_pacote_py/prefix_override:/usr/lib/python3/dist-packages/colcon_core/task/python/colcon_distutils_commands:/home/ros2_ws/install/meu_pacote_py/lib/python3.10/site-packages:/home/ros2_ws/install/meu_pacote_py/lib/python3.10/site-packages:/opt/ros/humble/lib/python3.10/site-packages:/opt/ros/humble/local/lib/python3.10/dist-packages', 'TZ': 'America/Sao_Paulo', 'COLCON': '1', 'CMAKE_PREFIX_PATH': '/home/ros2_ws/install/robot_description'}, 'shell': False}
[0.600794] (-) TimerEvent: {}
[0.701153] (-) TimerEvent: {}
[0.785182] (meu_pacote_py) StdoutLine: {'line': b'running egg_info\n'}
[0.785718] (meu_pacote_py) StdoutLine: {'line': b'writing ../build/meu_pacote_py/meu_pacote_py.egg-info/PKG-INFO\n'}
[0.785941] (meu_pacote_py) StdoutLine: {'line': b'writing dependency_links to ../build/meu_pacote_py/meu_pacote_py.egg-info/dependency_links.txt\n'}
[0.786181] (meu_pacote_py) StdoutLine: {'line': b'writing entry points to ../build/meu_pacote_py/meu_pacote_py.egg-info/entry_points.txt\n'}
[0.786253] (meu_pacote_py) StdoutLine: {'line': b'writing requirements to ../build/meu_pacote_py/meu_pacote_py.egg-info/requires.txt\n'}
[0.786420] (meu_pacote_py) StdoutLine: {'line': b'writing top-level names to ../build/meu_pacote_py/meu_pacote_py.egg-info/top_level.txt\n'}
[0.787952] (meu_pacote_py) StdoutLine: {'line': b"reading manifest file '../build/meu_pacote_py/meu_pacote_py.egg-info/SOURCES.txt'\n"}
[0.788775] (meu_pacote_py) StdoutLine: {'line': b"writing manifest file '../build/meu_pacote_py/meu_pacote_py.egg-info/SOURCES.txt'\n"}
[0.788947] (meu_pacote_py) StdoutLine: {'line': b'running build\n'}
[0.789020] (meu_pacote_py) StdoutLine: {'line': b'running build_py\n'}
[0.789266] (meu_pacote_py) StdoutLine: {'line': b'running install\n'}
[0.789453] (meu_pacote_py) StdoutLine: {'line': b'running install_lib\n'}
[0.790650] (meu_pacote_py) StdoutLine: {'line': b'running install_data\n'}
[0.790824] (meu_pacote_py) StdoutLine: {'line': b'running install_egg_info\n'}
[0.792596] (meu_pacote_py) StdoutLine: {'line': b"removing '/home/ros2_ws/install/meu_pacote_py/lib/python3.10/site-packages/meu_pacote_py-0.0.0-py3.10.egg-info' (and everything under it)\n"}
[0.792779] (meu_pacote_py) StdoutLine: {'line': b'Copying ../build/meu_pacote_py/meu_pacote_py.egg-info to /home/ros2_ws/install/meu_pacote_py/lib/python3.10/site-packages/meu_pacote_py-0.0.0-py3.10.egg-info\n'}
[0.793673] (meu_pacote_py) StdoutLine: {'line': b'running install_scripts\n'}
[0.801256] (-) TimerEvent: {}
[0.814455] (meu_pacote_py) StdoutLine: {'line': b'Installing publisher_py script to /home/ros2_ws/install/meu_pacote_py/lib/meu_pacote_py\n'}
[0.814645] (meu_pacote_py) StdoutLine: {'line': b'Installing subscriber_py script to /home/ros2_ws/install/meu_pacote_py/lib/meu_pacote_py\n'}
[0.814824] (meu_pacote_py) StdoutLine: {'line': b"writing list of installed files to '/home/ros2_ws/build/meu_pacote_py/install.log'\n"}
[0.836943] (meu_pacote_py) CommandEnded: {'returncode': 0}
[0.842038] (meu_pacote_py) JobEnded: {'identifier': 'meu_pacote_py', 'rc': 0}
[0.842703] (-) EventReactorShutdown: {}
