[0.000000] (-) TimerEvent: {}
[0.000663] (meu_pacote_py) JobQueued: {'identifier': 'meu_pacote_py', 'dependencies': OrderedDict()}
[0.000726] (robot_description) JobQueued: {'identifier': 'robot_description', 'dependencies': OrderedDict()}
[0.000745] (meu_pacote_py) JobStarted: {'identifier': 'meu_pacote_py'}
[0.012304] (robot_description) JobStarted: {'identifier': 'robot_description'}
[0.099809] (-) TimerEvent: {}
[0.200105] (-) TimerEvent: {}
[0.239712] (robot_description) JobProgress: {'identifier': 'robot_description', 'progress': 'cmake'}
[0.240500] (robot_description) JobProgress: {'identifier': 'robot_description', 'progress': 'build'}
[0.241184] (robot_description) Command: {'cmd': ['/usr/bin/cmake', '--build', '/home/ros2_ws/build/robot_description', '--', '-j8', '-l8'], 'cwd': '/home/ros2_ws/build/robot_description', 'env': OrderedDict([('HOSTNAME', 'andre-computador'), ('SHLVL', '1'), ('LD_LIBRARY_PATH', '/opt/ros/humble/opt/rviz_ogre_vendor/lib:/opt/ros/humble/lib/x86_64-linux-gnu:/opt/ros/humble/lib'), ('HOME', '/home/ros2_ws'), ('OLDPWD', '/home/ros2_ws/src'), ('ROS_PYTHON_VERSION', '3'), ('COLCON_PREFIX_PATH', '/home/ros2_ws/install'), ('ROS_DISTRO', 'humble'), ('_', '/usr/bin/colcon'), ('ROS_VERSION', '2'), ('TERM', 'xterm'), ('ROS_LOCALHOST_ONLY', '0'), ('QT_X11_NO_MITSHM', '1'), ('PATH', '/opt/ros/humble/bin:/usr/local/sbin:/usr/local/bin:/usr/sbin:/usr/bin:/sbin:/bin'), ('XDG_RUNTIME_DIR', '/tmp/runtime-ros2_ws'), ('DISPLAY', ':1'), ('LANG', 'C.UTF-8'), ('AMENT_PREFIX_PATH', '/home/ros2_ws/install/robot_description:/home/ros2_ws/install/meu_pacote_py:/opt/ros/humble'), ('PWD', '/home/ros2_ws/build/robot_description'), ('LC_ALL', 'C.UTF-8'), ('GAZEBO_PLUGIN_PATH', '/usr/lib/x86_64-linux-gnu/gazebo-11/plugins:'), ('PYTHONPATH', '/home/ros2_ws/install/meu_pacote_py/lib/python3.10/site-packages:/opt/ros/humble/lib/python3.10/site-packages:/opt/ros/humble/local/lib/python3.10/dist-packages'), ('TZ', 'America/Sao_Paulo'), ('COLCON', '1'), ('CMAKE_PREFIX_PATH', '/home/ros2_ws/install/robot_description:/home/ros2_ws/install/meu_pacote_py:/opt/ros/humble')]), 'shell': False}
[0.278142] (robot_description) CommandEnded: {'returncode': 0}
[0.298900] (robot_description) JobProgress: {'identifier': 'robot_description', 'progress': 'install'}
[0.300232] (-) TimerEvent: {}
[0.309702] (robot_description) Command: {'cmd': ['/usr/bin/cmake', '--install', '/home/ros2_ws/build/robot_description'], 'cwd': '/home/ros2_ws/build/robot_description', 'env': OrderedDict([('HOSTNAME', 'andre-computador'), ('SHLVL', '1'), ('LD_LIBRARY_PATH', '/opt/ros/humble/opt/rviz_ogre_vendor/lib:/opt/ros/humble/lib/x86_64-linux-gnu:/opt/ros/humble/lib'), ('HOME', '/home/ros2_ws'), ('OLDPWD', '/home/ros2_ws/src'), ('ROS_PYTHON_VERSION', '3'), ('COLCON_PREFIX_PATH', '/home/ros2_ws/install'), ('ROS_DISTRO', 'humble'), ('_', '/usr/bin/colcon'), ('ROS_VERSION', '2'), ('TERM', 'xterm'), ('ROS_LOCALHOST_ONLY', '0'), ('QT_X11_NO_MITSHM', '1'), ('PATH', '/opt/ros/humble/bin:/usr/local/sbin:/usr/local/bin:/usr/sbin:/usr/bin:/sbin:/bin'), ('XDG_RUNTIME_DIR', '/tmp/runtime-ros2_ws'), ('DISPLAY', ':1'), ('LANG', 'C.UTF-8'), ('AMENT_PREFIX_PATH', '/home/ros2_ws/install/robot_description:/home/ros2_ws/install/meu_pacote_py:/opt/ros/humble'), ('PWD', '/home/ros2_ws/build/robot_description'), ('LC_ALL', 'C.UTF-8'), ('GAZEBO_PLUGIN_PATH', '/usr/lib/x86_64-linux-gnu/gazebo-11/plugins:'), ('PYTHONPATH', '/home/ros2_ws/install/meu_pacote_py/lib/python3.10/site-packages:/opt/ros/humble/lib/python3.10/site-packages:/opt/ros/humble/local/lib/python3.10/dist-packages'), ('TZ', 'America/Sao_Paulo'), ('COLCON', '1'), ('CMAKE_PREFIX_PATH', '/home/ros2_ws/install/robot_description:/home/ros2_ws/install/meu_pacote_py:/opt/ros/humble')]), 'shell': False}
[0.316879] (robot_description) StdoutLine: {'line': b'-- Install configuration: ""\n'}
[0.317156] (robot_description) StdoutLine: {'line': b'-- Up-to-date: /home/ros2_ws/install/robot_description/share/robot_description/launch\n'}
[0.317231] (robot_description) StdoutLine: {'line': b'-- Up-to-date: /home/ros2_ws/install/robot_description/share/robot_description/launch/display.launch.py\n'}
[0.317337] (robot_description) StdoutLine: {'line': b'-- Up-to-date: /home/ros2_ws/install/robot_description/share/robot_description/urdf\n'}
[0.317418] (robot_description) StdoutLine: {'line': b'-- Up-to-date: /home/ros2_ws/install/robot_description/share/robot_description/urdf/puma560_description.urdf.xacro\n'}
[0.317471] (robot_description) StdoutLine: {'line': b'-- Up-to-date: /home/ros2_ws/install/robot_description/share/robot_description/config\n'}
[0.317532] (robot_description) StdoutLine: {'line': b'-- Up-to-date: /home/ros2_ws/install/robot_description/share/robot_description/meshes\n'}
[0.317588] (robot_description) StdoutLine: {'line': b'-- Installing: /home/ros2_ws/install/robot_description/share/robot_description/meshes/link_1.STL\n'}
[0.317682] (robot_description) StdoutLine: {'line': b'-- Installing: /home/ros2_ws/install/robot_description/share/robot_description/meshes/link_3.STL\n'}
[0.317743] (robot_description) StdoutLine: {'line': b'-- Installing: /home/ros2_ws/install/robot_description/share/robot_description/meshes/link_5.STL\n'}
[0.317856] (robot_description) StdoutLine: {'line': b'-- Installing: /home/ros2_ws/install/robot_description/share/robot_description/meshes/link_4.STL\n'}
[0.317941] (robot_description) StdoutLine: {'line': b'-- Installing: /home/ros2_ws/install/robot_description/share/robot_description/meshes/base_link.STL\n'}
[0.319003] (robot_description) StdoutLine: {'line': b'-- Installing: /home/ros2_ws/install/robot_description/share/robot_description/meshes/link_2.STL\n'}
[0.319262] (robot_description) StdoutLine: {'line': b'-- Up-to-date: /home/ros2_ws/install/robot_description/share/robot_description/rviz2\n'}
[0.319480] (robot_description) StdoutLine: {'line': b'-- Up-to-date: /home/ros2_ws/install/robot_description/share/ament_index/resource_index/package_run_dependencies/robot_description\n'}
[0.319622] (robot_description) StdoutLine: {'line': b'-- Up-to-date: /home/ros2_ws/install/robot_description/share/ament_index/resource_index/parent_prefix_path/robot_description\n'}
[0.319709] (robot_description) StdoutLine: {'line': b'-- Up-to-date: /home/ros2_ws/install/robot_description/share/robot_description/environment/ament_prefix_path.sh\n'}
[0.319830] (robot_description) StdoutLine: {'line': b'-- Up-to-date: /home/ros2_ws/install/robot_description/share/robot_description/environment/ament_prefix_path.dsv\n'}
[0.319896] (robot_description) StdoutLine: {'line': b'-- Up-to-date: /home/ros2_ws/install/robot_description/share/robot_description/environment/path.sh\n'}
[0.319951] (robot_description) StdoutLine: {'line': b'-- Up-to-date: /home/ros2_ws/install/robot_description/share/robot_description/environment/path.dsv\n'}
[0.320005] (robot_description) StdoutLine: {'line': b'-- Up-to-date: /home/ros2_ws/install/robot_description/share/robot_description/local_setup.bash\n'}
[0.320057] (robot_description) StdoutLine: {'line': b'-- Up-to-date: /home/ros2_ws/install/robot_description/share/robot_description/local_setup.sh\n'}
[0.320111] (robot_description) StdoutLine: {'line': b'-- Up-to-date: /home/ros2_ws/install/robot_description/share/robot_description/local_setup.zsh\n'}
[0.320165] (robot_description) StdoutLine: {'line': b'-- Up-to-date: /home/ros2_ws/install/robot_description/share/robot_description/local_setup.dsv\n'}
[0.320274] (robot_description) StdoutLine: {'line': b'-- Installing: /home/ros2_ws/install/robot_description/share/robot_description/package.dsv\n'}
[0.320355] (robot_description) StdoutLine: {'line': b'-- Up-to-date: /home/ros2_ws/install/robot_description/share/ament_index/resource_index/packages/robot_description\n'}
[0.320413] (robot_description) StdoutLine: {'line': b'-- Up-to-date: /home/ros2_ws/install/robot_description/share/robot_description/cmake/robot_descriptionConfig.cmake\n'}
[0.320466] (robot_description) StdoutLine: {'line': b'-- Up-to-date: /home/ros2_ws/install/robot_description/share/robot_description/cmake/robot_descriptionConfig-version.cmake\n'}
[0.320520] (robot_description) StdoutLine: {'line': b'-- Up-to-date: /home/ros2_ws/install/robot_description/share/robot_description/package.xml\n'}
[0.322022] (robot_description) CommandEnded: {'returncode': 0}
[0.355948] (robot_description) JobEnded: {'identifier': 'robot_description', 'rc': 0}
[0.400393] (-) TimerEvent: {}
[0.500766] (-) TimerEvent: {}
[0.561590] (meu_pacote_py) Command: {'cmd': ['/usr/bin/python3', '-W', 'ignore:setup.py install is deprecated', 'setup.py', 'egg_info', '--egg-base', '../build/meu_pacote_py', 'build', '--build-base', '/home/ros2_ws/build/meu_pacote_py/build', 'install', '--record', '/home/ros2_ws/build/meu_pacote_py/install.log', '--single-version-externally-managed', 'install_data'], 'cwd': '/home/ros2_ws/meu_pacote_py', 'env': {'HOSTNAME': 'andre-computador', 'SHLVL': '1', 'LD_LIBRARY_PATH': '/opt/ros/humble/opt/rviz_ogre_vendor/lib:/opt/ros/humble/lib/x86_64-linux-gnu:/opt/ros/humble/lib', 'HOME': '/home/ros2_ws', 'OLDPWD': '/home/ros2_ws/src', 'ROS_PYTHON_VERSION': '3', 'COLCON_PREFIX_PATH': '/home/ros2_ws/install', 'ROS_DISTRO': 'humble', '_': '/usr/bin/colcon', 'ROS_VERSION': '2', 'TERM': 'xterm', 'ROS_LOCALHOST_ONLY': '0', 'QT_X11_NO_MITSHM': '1', 'PATH': '/opt/ros/humble/bin:/usr/local/sbin:/usr/local/bin:/usr/sbin:/usr/bin:/sbin:/bin', 'XDG_RUNTIME_DIR': '/tmp/runtime-ros2_ws', 'DISPLAY': ':1', 'LANG': 'C.UTF-8', 'AMENT_PREFIX_PATH': '/home/ros2_ws/install/robot_description:/home/ros2_ws/install/meu_pacote_py:/opt/ros/humble', 'PWD': '/home/ros2_ws/build/meu_pacote_py', 'LC_ALL': 'C.UTF-8', 'GAZEBO_PLUGIN_PATH': '/usr/lib/x86_64-linux-gnu/gazebo-11/plugins:', 'PYTHONPATH': '/home/ros2_ws/build/meu_pacote_py/prefix_override:/usr/lib/python3/dist-packages/colcon_core/task/python/colcon_distutils_commands:/home/ros2_ws/install/meu_pacote_py/lib/python3.10/site-packages:/home/ros2_ws/install/meu_pacote_py/lib/python3.10/site-packages:/opt/ros/humble/lib/python3.10/site-packages:/opt/ros/humble/local/lib/python3.10/dist-packages', 'TZ': 'America/Sao_Paulo', 'COLCON': '1', 'CMAKE_PREFIX_PATH': '/home/ros2_ws/install/robot_description'}, 'shell': False}
[0.600857] (-) TimerEvent: {}
[0.701161] (-) TimerEvent: {}
[0.754854] (meu_pacote_py) StdoutLine: {'line': b'running egg_info\n'}
[0.755424] (meu_pacote_py) StdoutLine: {'line': b'writing ../build/meu_pacote_py/meu_pacote_py.egg-info/PKG-INFO\n'}
[0.755705] (meu_pacote_py) StdoutLine: {'line': b'writing dependency_links to ../build/meu_pacote_py/meu_pacote_py.egg-info/dependency_links.txt\n'}
[0.755851] (meu_pacote_py) StdoutLine: {'line': b'writing entry points to ../build/meu_pacote_py/meu_pacote_py.egg-info/entry_points.txt\n'}
[0.755982] (meu_pacote_py) StdoutLine: {'line': b'writing requirements to ../build/meu_pacote_py/meu_pacote_py.egg-info/requires.txt\n'}
[0.756110] (meu_pacote_py) StdoutLine: {'line': b'writing top-level names to ../build/meu_pacote_py/meu_pacote_py.egg-info/top_level.txt\n'}
[0.757935] (meu_pacote_py) StdoutLine: {'line': b"reading manifest file '../build/meu_pacote_py/meu_pacote_py.egg-info/SOURCES.txt'\n"}
[0.758628] (meu_pacote_py) StdoutLine: {'line': b"writing manifest file '../build/meu_pacote_py/meu_pacote_py.egg-info/SOURCES.txt'\n"}
[0.758781] (meu_pacote_py) StdoutLine: {'line': b'running build\n'}
[0.758886] (meu_pacote_py) StdoutLine: {'line': b'running build_py\n'}
[0.758995] (meu_pacote_py) StdoutLine: {'line': b'running install\n'}
[0.759297] (meu_pacote_py) StdoutLine: {'line': b'running install_lib\n'}
[0.760668] (meu_pacote_py) StdoutLine: {'line': b'running install_data\n'}
[0.760853] (meu_pacote_py) StdoutLine: {'line': b'running install_egg_info\n'}
[0.762553] (meu_pacote_py) StdoutLine: {'line': b"removing '/home/ros2_ws/install/meu_pacote_py/lib/python3.10/site-packages/meu_pacote_py-0.0.0-py3.10.egg-info' (and everything under it)\n"}
[0.762825] (meu_pacote_py) StdoutLine: {'line': b'Copying ../build/meu_pacote_py/meu_pacote_py.egg-info to /home/ros2_ws/install/meu_pacote_py/lib/python3.10/site-packages/meu_pacote_py-0.0.0-py3.10.egg-info\n'}
[0.763739] (meu_pacote_py) StdoutLine: {'line': b'running install_scripts\n'}
[0.782068] (meu_pacote_py) StdoutLine: {'line': b'Installing publisher_py script to /home/ros2_ws/install/meu_pacote_py/lib/meu_pacote_py\n'}
[0.782472] (meu_pacote_py) StdoutLine: {'line': b'Installing subscriber_py script to /home/ros2_ws/install/meu_pacote_py/lib/meu_pacote_py\n'}
[0.782650] (meu_pacote_py) StdoutLine: {'line': b"writing list of installed files to '/home/ros2_ws/build/meu_pacote_py/install.log'\n"}
[0.801286] (-) TimerEvent: {}
[0.802710] (meu_pacote_py) CommandEnded: {'returncode': 0}
[0.810853] (meu_pacote_py) JobEnded: {'identifier': 'meu_pacote_py', 'rc': 0}
[0.811577] (-) EventReactorShutdown: {}
