[0.728s] Invoking command in '/home/ros2_ws/meu_pacote_py': PYTHONPATH=/home/ros2_ws/build/meu_pacote_py/prefix_override:/usr/lib/python3/dist-packages/colcon_core/task/python/colcon_distutils_commands:/home/ros2_ws/install/meu_pacote_py/lib/python3.10/site-packages:${PYTHONPATH} /usr/bin/python3 -W ignore:setup.py install is deprecated setup.py egg_info --egg-base ../build/meu_pacote_py build --build-base /home/ros2_ws/build/meu_pacote_py/build install --record /home/ros2_ws/build/meu_pacote_py/install.log --single-version-externally-managed install_data
[0.919s] running egg_info
[0.920s] writing ../build/meu_pacote_py/meu_pacote_py.egg-info/PKG-INFO
[0.920s] writing dependency_links to ../build/meu_pacote_py/meu_pacote_py.egg-info/dependency_links.txt
[0.920s] writing entry points to ../build/meu_pacote_py/meu_pacote_py.egg-info/entry_points.txt
[0.921s] writing requirements to ../build/meu_pacote_py/meu_pacote_py.egg-info/requires.txt
[0.921s] writing top-level names to ../build/meu_pacote_py/meu_pacote_py.egg-info/top_level.txt
[0.923s] reading manifest file '../build/meu_pacote_py/meu_pacote_py.egg-info/SOURCES.txt'
[0.924s] writing manifest file '../build/meu_pacote_py/meu_pacote_py.egg-info/SOURCES.txt'
[0.924s] running build
[0.924s] running build_py
[0.924s] running install
[0.925s] running install_lib
[0.928s] running install_data
[0.928s] running install_egg_info
[0.930s] removing '/home/ros2_ws/install/meu_pacote_py/lib/python3.10/site-packages/meu_pacote_py-0.0.0-py3.10.egg-info' (and everything under it)
[0.930s] Copying ../build/meu_pacote_py/meu_pacote_py.egg-info to /home/ros2_ws/install/meu_pacote_py/lib/python3.10/site-packages/meu_pacote_py-0.0.0-py3.10.egg-info
[0.931s] running install_scripts
[0.949s] Installing publisher_py script to /home/ros2_ws/install/meu_pacote_py/lib/meu_pacote_py
[0.950s] Installing subscriber_py script to /home/ros2_ws/install/meu_pacote_py/lib/meu_pacote_py
[0.950s] writing list of installed files to '/home/ros2_ws/build/meu_pacote_py/install.log'
[0.970s] Invoked command in '/home/ros2_ws/meu_pacote_py' returned '0': PYTHONPATH=/home/ros2_ws/build/meu_pacote_py/prefix_override:/usr/lib/python3/dist-packages/colcon_core/task/python/colcon_distutils_commands:/home/ros2_ws/install/meu_pacote_py/lib/python3.10/site-packages:${PYTHONPATH} /usr/bin/python3 -W ignore:setup.py install is deprecated setup.py egg_info --egg-base ../build/meu_pacote_py build --build-base /home/ros2_ws/build/meu_pacote_py/build install --record /home/ros2_ws/build/meu_pacote_py/install.log --single-version-externally-managed install_data
